Wed Oct  2 14:16:31 2024  [TRACE]: Start Initializing a b c A
Wed Oct  2 14:16:31 2024  [TRACE]: Processing coefs
Wed Oct  2 14:16:31 2024  [TRACE]: Calculating c
Wed Oct  2 14:16:31 2024  [TRACE]: Initializing fft
Wed Oct  2 14:16:31 2024  [TRACE]: Start iFFT A
Wed Oct  2 14:16:32 2024  [TRACE]: a After ifft:
Wed Oct  2 14:16:32 2024  [TRACE]: Start Shift A
Wed Oct  2 14:16:32 2024  [TRACE]: a After shift:
Wed Oct  2 14:16:32 2024  [TRACE]: Start FFT A
Wed Oct  2 14:16:32 2024  [TRACE]: a After fft:
Wed Oct  2 14:16:32 2024  [TRACE]: Start iFFT B
Wed Oct  2 14:16:33 2024  [TRACE]: b After ifft:
Wed Oct  2 14:16:33 2024  [TRACE]: Start Shift B
Wed Oct  2 14:16:33 2024  [TRACE]: b After shift:
Wed Oct  2 14:16:33 2024  [TRACE]: Start FFT B
Wed Oct  2 14:16:33 2024  [TRACE]: b After fft:
Wed Oct  2 14:16:33 2024  [TRACE]: Start iFFT C
Wed Oct  2 14:16:33 2024  [TRACE]: c After ifft:
Wed Oct  2 14:16:33 2024  [TRACE]: Start Shift C
Wed Oct  2 14:16:33 2024  [TRACE]: c After shift:
Wed Oct  2 14:16:33 2024  [TRACE]: Start FFT C
Wed Oct  2 14:16:34 2024  [TRACE]: c After fft:
Wed Oct  2 14:16:34 2024  [TRACE]: Start ABC
Wed Oct  2 14:16:34 2024  [TRACE]: abc:
Wed Oct  2 14:16:34 2024  [TRACE]: Start Multiexp H
Wed Oct  2 14:16:36 2024  [TRACE]: Start Multiexp A
Wed Oct  2 14:16:37 2024  [TRACE]: Start Multiexp B1
Wed Oct  2 14:16:38 2024  [TRACE]: Start Multiexp B2
Wed Oct  2 14:16:40 2024  [TRACE]: Start Multiexp C
Tue Oct 15 01:32:47 2024  [TRACE]: Start Initializing a b c A
Tue Oct 15 01:32:47 2024  [TRACE]: Processing coefs
Tue Oct 15 01:32:48 2024  [TRACE]: Calculating c
Tue Oct 15 01:32:48 2024  [TRACE]: Initializing fft
Tue Oct 15 01:32:48 2024  [TRACE]: Start iFFT A
Tue Oct 15 01:32:48 2024  [TRACE]: a After ifft:
Tue Oct 15 01:32:48 2024  [TRACE]: Start Shift A
Tue Oct 15 01:32:48 2024  [TRACE]: a After shift:
Tue Oct 15 01:32:48 2024  [TRACE]: Start FFT A
Tue Oct 15 01:32:48 2024  [TRACE]: a After fft:
Tue Oct 15 01:32:48 2024  [TRACE]: Start iFFT B
Tue Oct 15 01:32:48 2024  [TRACE]: b After ifft:
Tue Oct 15 01:32:48 2024  [TRACE]: Start Shift B
Tue Oct 15 01:32:48 2024  [TRACE]: b After shift:
Tue Oct 15 01:32:48 2024  [TRACE]: Start FFT B
Tue Oct 15 01:32:49 2024  [TRACE]: b After fft:
Tue Oct 15 01:32:49 2024  [TRACE]: Start iFFT C
Tue Oct 15 01:32:49 2024  [TRACE]: c After ifft:
Tue Oct 15 01:32:49 2024  [TRACE]: Start Shift C
Tue Oct 15 01:32:49 2024  [TRACE]: c After shift:
Tue Oct 15 01:32:49 2024  [TRACE]: Start FFT C
Tue Oct 15 01:32:49 2024  [TRACE]: c After fft:
Tue Oct 15 01:32:49 2024  [TRACE]: Start ABC
Tue Oct 15 01:32:49 2024  [TRACE]: abc:
Tue Oct 15 01:32:49 2024  [TRACE]: Start Multiexp H
Tue Oct 15 01:32:52 2024  [TRACE]: Start Multiexp A
Tue Oct 15 01:32:52 2024  [TRACE]: Start Multiexp B1
Tue Oct 15 01:32:53 2024  [TRACE]: Start Multiexp B2
Tue Oct 15 01:32:54 2024  [TRACE]: Start Multiexp C
Tue Oct 15 21:34:40 2024  [TRACE]: Start Initializing a b c A
Tue Oct 15 21:34:40 2024  [TRACE]: Processing coefs
Tue Oct 15 21:34:40 2024  [TRACE]: Calculating c
Tue Oct 15 21:34:40 2024  [TRACE]: Initializing fft
Tue Oct 15 21:34:40 2024  [TRACE]: Start iFFT A
Tue Oct 15 21:34:41 2024  [TRACE]: a After ifft:
Tue Oct 15 21:34:41 2024  [TRACE]: Start Shift A
Tue Oct 15 21:34:41 2024  [TRACE]: a After shift:
Tue Oct 15 21:34:41 2024  [TRACE]: Start FFT A
Tue Oct 15 21:34:41 2024  [TRACE]: a After fft:
Tue Oct 15 21:34:41 2024  [TRACE]: Start iFFT B
Tue Oct 15 21:34:41 2024  [TRACE]: b After ifft:
Tue Oct 15 21:34:41 2024  [TRACE]: Start Shift B
Tue Oct 15 21:34:41 2024  [TRACE]: b After shift:
Tue Oct 15 21:34:41 2024  [TRACE]: Start FFT B
Tue Oct 15 21:34:42 2024  [TRACE]: b After fft:
Tue Oct 15 21:34:42 2024  [TRACE]: Start iFFT C
Tue Oct 15 21:34:42 2024  [TRACE]: c After ifft:
Tue Oct 15 21:34:42 2024  [TRACE]: Start Shift C
Tue Oct 15 21:34:42 2024  [TRACE]: c After shift:
Tue Oct 15 21:34:42 2024  [TRACE]: Start FFT C
Tue Oct 15 21:34:42 2024  [TRACE]: c After fft:
Tue Oct 15 21:34:42 2024  [TRACE]: Start ABC
Tue Oct 15 21:34:42 2024  [TRACE]: abc:
Tue Oct 15 21:34:42 2024  [TRACE]: Start Multiexp H
Tue Oct 15 21:34:45 2024  [TRACE]: Start Multiexp A
Tue Oct 15 21:34:45 2024  [TRACE]: Start Multiexp B1
Tue Oct 15 21:34:46 2024  [TRACE]: Start Multiexp B2
Tue Oct 15 21:34:47 2024  [TRACE]: Start Multiexp C
Tue Oct 15 21:35:42 2024  [TRACE]: Start Initializing a b c A
Tue Oct 15 21:35:42 2024  [TRACE]: Processing coefs
Tue Oct 15 21:35:42 2024  [TRACE]: Calculating c
Tue Oct 15 21:35:42 2024  [TRACE]: Initializing fft
Tue Oct 15 21:35:42 2024  [TRACE]: Start iFFT A
Tue Oct 15 21:35:42 2024  [TRACE]: a After ifft:
Tue Oct 15 21:35:42 2024  [TRACE]: Start Shift A
Tue Oct 15 21:35:42 2024  [TRACE]: a After shift:
Tue Oct 15 21:35:42 2024  [TRACE]: Start FFT A
Tue Oct 15 21:35:42 2024  [TRACE]: a After fft:
Tue Oct 15 21:35:42 2024  [TRACE]: Start iFFT B
Tue Oct 15 21:35:43 2024  [TRACE]: b After ifft:
Tue Oct 15 21:35:43 2024  [TRACE]: Start Shift B
Tue Oct 15 21:35:43 2024  [TRACE]: b After shift:
Tue Oct 15 21:35:43 2024  [TRACE]: Start FFT B
Tue Oct 15 21:35:43 2024  [TRACE]: b After fft:
Tue Oct 15 21:35:43 2024  [TRACE]: Start iFFT C
Tue Oct 15 21:35:43 2024  [TRACE]: c After ifft:
Tue Oct 15 21:35:43 2024  [TRACE]: Start Shift C
Tue Oct 15 21:35:43 2024  [TRACE]: c After shift:
Tue Oct 15 21:35:43 2024  [TRACE]: Start FFT C
Tue Oct 15 21:35:44 2024  [TRACE]: c After fft:
Tue Oct 15 21:35:44 2024  [TRACE]: Start ABC
Tue Oct 15 21:35:44 2024  [TRACE]: abc:
Tue Oct 15 21:35:44 2024  [TRACE]: Start Multiexp H
Tue Oct 15 21:35:46 2024  [TRACE]: Start Multiexp A
Tue Oct 15 21:35:46 2024  [TRACE]: Start Multiexp B1
Tue Oct 15 21:35:47 2024  [TRACE]: Start Multiexp B2
Tue Oct 15 21:35:48 2024  [TRACE]: Start Multiexp C
Tue Oct 15 22:29:23 2024  [TRACE]: Start Initializing a b c A
Tue Oct 15 22:29:23 2024  [TRACE]: Processing coefs
Tue Oct 15 22:29:23 2024  [TRACE]: Calculating c
Tue Oct 15 22:29:23 2024  [TRACE]: Initializing fft
Tue Oct 15 22:29:23 2024  [TRACE]: Start iFFT A
Tue Oct 15 22:29:24 2024  [TRACE]: a After ifft:
Tue Oct 15 22:29:24 2024  [TRACE]: Start Shift A
Tue Oct 15 22:29:24 2024  [TRACE]: a After shift:
Tue Oct 15 22:29:24 2024  [TRACE]: Start FFT A
Tue Oct 15 22:29:24 2024  [TRACE]: a After fft:
Tue Oct 15 22:29:24 2024  [TRACE]: Start iFFT B
Tue Oct 15 22:29:24 2024  [TRACE]: b After ifft:
Tue Oct 15 22:29:24 2024  [TRACE]: Start Shift B
Tue Oct 15 22:29:24 2024  [TRACE]: b After shift:
Tue Oct 15 22:29:24 2024  [TRACE]: Start FFT B
Tue Oct 15 22:29:25 2024  [TRACE]: b After fft:
Tue Oct 15 22:29:25 2024  [TRACE]: Start iFFT C
Tue Oct 15 22:29:25 2024  [TRACE]: c After ifft:
Tue Oct 15 22:29:25 2024  [TRACE]: Start Shift C
Tue Oct 15 22:29:25 2024  [TRACE]: c After shift:
Tue Oct 15 22:29:25 2024  [TRACE]: Start FFT C
Tue Oct 15 22:29:25 2024  [TRACE]: c After fft:
Tue Oct 15 22:29:25 2024  [TRACE]: Start ABC
Tue Oct 15 22:29:25 2024  [TRACE]: abc:
Tue Oct 15 22:29:25 2024  [TRACE]: Start Multiexp H
Tue Oct 15 22:29:27 2024  [TRACE]: Start Multiexp A
Tue Oct 15 22:29:28 2024  [TRACE]: Start Multiexp B1
Tue Oct 15 22:29:29 2024  [TRACE]: Start Multiexp B2
Tue Oct 15 22:29:30 2024  [TRACE]: Start Multiexp C
